<?xml version="1.0" encoding="UTF-8"?>
<testng-results ignored="0" total="1" passed="1" failed="0" skipped="0">
  <reporter-output>
  </reporter-output>
  <suite started-at="2023-11-09T10:06:18 IST" name="Suite" finished-at="2023-11-09T10:06:58 IST" duration-ms="40212">
    <groups>
      <group name="smoke">
        <method signature="ClaimTest.assignClaim(java.lang.String, java.lang.String)[pri:0, instance:com.EcommerceProject.TestCases.ClaimTest@51dcb805]" name="assignClaim" class="com.EcommerceProject.TestCases.ClaimTest"/>
      </group> <!-- smoke -->
    </groups>
    <test started-at="2023-11-09T10:06:18 IST" name="Firefox Test" finished-at="2023-11-09T10:06:58 IST" duration-ms="40212">
      <class name="com.EcommerceProject.TestCases.ClaimTest">
        <test-method is-config="true" signature="loadConfig()[pri:0, instance:com.EcommerceProject.TestCases.ClaimTest@51dcb805]" started-at="2023-11-09T10:06:18 IST" name="loadConfig" finished-at="2023-11-09T10:06:18 IST" duration-ms="197" status="PASS">
          <reporter-output>
          </reporter-output>
        </test-method> <!-- loadConfig -->
        <test-method is-config="true" signature="setup(java.lang.String)[pri:0, instance:com.EcommerceProject.TestCases.ClaimTest@51dcb805]" started-at="2023-11-09T10:06:19 IST" name="setup" finished-at="2023-11-09T10:06:31 IST" duration-ms="12210" status="PASS">
          <params>
            <param index="0">
              <value>
                <![CDATA[Firefox]]>
              </value>
            </param>
          </params>
          <reporter-output>
          </reporter-output>
        </test-method> <!-- setup -->
        <test-method signature="assignClaim(java.lang.String, java.lang.String)[pri:0, instance:com.EcommerceProject.TestCases.ClaimTest@51dcb805]" started-at="2023-11-09T10:06:31 IST" name="assignClaim" data-provider="AssignClaim" finished-at="2023-11-09T10:06:57 IST" duration-ms="26437" status="PASS">
          <params>
            <param index="0">
              <value>
                <![CDATA[Odis  Adalwin]]>
              </value>
            </param>
            <param index="1">
              <value>
                <![CDATA[Accommodation cost claim]]>
              </value>
            </param>
          </params>
          <reporter-output>
          </reporter-output>
        </test-method> <!-- assignClaim -->
        <test-method is-config="true" signature="tearDown()[pri:0, instance:com.EcommerceProject.TestCases.ClaimTest@51dcb805]" started-at="2023-11-09T10:06:57 IST" name="tearDown" finished-at="2023-11-09T10:06:58 IST" duration-ms="1031" status="PASS">
          <reporter-output>
          </reporter-output>
        </test-method> <!-- tearDown -->
        <test-method is-config="true" signature="afterSuite()[pri:0, instance:com.EcommerceProject.TestCases.ClaimTest@51dcb805]" started-at="2023-11-09T10:06:58 IST" name="afterSuite" finished-at="2023-11-09T10:06:59 IST" duration-ms="390" status="PASS">
          <reporter-output>
          </reporter-output>
        </test-method> <!-- afterSuite -->
      </class> <!-- com.EcommerceProject.TestCases.ClaimTest -->
    </test> <!-- Firefox Test -->
  </suite> <!-- Suite -->
</testng-results>
