<?xml version="1.0" encoding="UTF-8"?>
<!-- Generated by org.testng.reporters.JUnitXMLReporter -->
<testsuite ignored="0" hostname="GS-IT-00127" failures="0" tests="3" name="Default test" time="45.906" errors="0" timestamp="2023-10-16T15:12:03 IST">
  <testcase classname="com.EcommerceProject.TestCases.IndexPageTest" name="login" time="0.401"/>
  <testcase classname="com.EcommerceProject.TestCases.IndexPageTest" name="login" time="0.275"/>
  <testcase classname="com.EcommerceProject.TestCases.IndexPageTest" name="verifyLogo" time="0.053"/>
</testsuite> <!-- Default test -->
