<?xml version="1.0" encoding="UTF-8"?>
<!-- Generated by org.testng.reporters.JUnitXMLReporter -->
<testsuite ignored="8" hostname="GS-IT-00127" failures="1" tests="3" name="Smoke" time="383.844" errors="0" timestamp="2023-10-23T17:09:20 IST">
  <testcase classname="com.EcommerceProject.TestCases.IndexPageTest" name="login" time="0.596"/>
  <testcase classname="com.EcommerceProject.TestCases.IndexPageTest" name="login" time="0.325"/>
  <testcase classname="com.EcommerceProject.TestCases.IndexPageTest" name="verifyLogo" time="17.156">
    <failure type="java.lang.AssertionError" message="expected [true] but found [false]">
      <![CDATA[java.lang.AssertionError: expected [true] but found [false]
at com.EcommerceProject.TestCases.IndexPageTest.verifyLogo(IndexPageTest.java:40)
at java.base/java.util.ArrayList.forEach(ArrayList.java:1511)
... Removed 31 stack frames]]>
    </failure>
  </testcase> <!-- verifyLogo -->
  <testcase classname="com.EcommerceProject.Base.BaseClass" name="@BeforeSuite beforeSuite" time="0.0">
    <ignored/>
  </testcase> <!-- @BeforeSuite beforeSuite -->
  <testcase classname="com.EcommerceProject.Base.BaseClass" name="@BeforeSuite beforeSuite" time="0.0">
    <ignored/>
  </testcase> <!-- @BeforeSuite beforeSuite -->
  <testcase classname="com.EcommerceProject.Base.BaseClass" name="@BeforeSuite beforeSuite" time="0.0">
    <ignored/>
  </testcase> <!-- @BeforeSuite beforeSuite -->
  <testcase classname="com.EcommerceProject.TestCases.PIMtest" name="addEmployee" time="0.0">
    <ignored/>
  </testcase> <!-- addEmployee -->
  <testcase classname="com.EcommerceProject.Base.BaseClass" name="@BeforeTest loadConfig" time="0.0">
    <ignored/>
  </testcase> <!-- @BeforeTest loadConfig -->
  <testcase classname="com.EcommerceProject.Base.BaseClass" name="@BeforeTest loadConfig" time="0.0">
    <ignored/>
  </testcase> <!-- @BeforeTest loadConfig -->
  <testcase classname="com.EcommerceProject.Base.BaseClass" name="@BeforeTest loadConfig" time="0.0">
    <ignored/>
  </testcase> <!-- @BeforeTest loadConfig -->
  <testcase classname="com.EcommerceProject.TestCases.DashBoardTest" name="verifyTitle" time="0.0">
    <ignored/>
  </testcase> <!-- verifyTitle -->
</testsuite> <!-- Smoke -->
