<?xml version="1.0" encoding="UTF-8"?>
<!-- Generated by org.testng.reporters.JUnitXMLReporter -->
<testsuite ignored="2" hostname="GS-IT-00127" failures="0" tests="3" name="Test" time="0.594" errors="0" timestamp="2023-10-23T16:27:59 IST">
  <testcase classname="com.EcommerceProject.TestCases.IndexPageTest" name="@BeforeMethod setup" time="0.002">
    <failure type="java.lang.NullPointerException" message="Cannot invoke &amp;quot;java.util.Properties.getProperty(String)&amp;quot; because &amp;quot;com.EcommerceProject.Base.BaseClass.prop&amp;quot; is null">
      <![CDATA[java.lang.NullPointerException: Cannot invoke "java.util.Properties.getProperty(String)" because "com.EcommerceProject.Base.BaseClass.prop" is null
at com.EcommerceProject.Base.BaseClass.launchApp(BaseClass.java:51)
at com.EcommerceProject.TestCases.IndexPageTest.setup(IndexPageTest.java:26)
at java.base/java.util.ArrayList.forEach(ArrayList.java:1511)
... Removed 31 stack frames]]>
    </failure>
  </testcase> <!-- @BeforeMethod setup -->
  <testcase classname="com.EcommerceProject.TestCases.IndexPageTest" name="@AfterMethod tearDown" time="-1.698058679838E9">
    <skipped/>
  </testcase> <!-- @AfterMethod tearDown -->
  <testcase classname="com.EcommerceProject.TestCases.IndexPageTest" name="@BeforeMethod setup" time="-1.698058679839E9">
    <skipped/>
  </testcase> <!-- @BeforeMethod setup -->
  <testcase classname="com.EcommerceProject.TestCases.IndexPageTest" name="@AfterMethod tearDown" time="-1.698058679843E9">
    <skipped/>
  </testcase> <!-- @AfterMethod tearDown -->
  <testcase classname="com.EcommerceProject.TestCases.IndexPageTest" name="@BeforeMethod setup" time="-1.698058679845E9">
    <skipped/>
  </testcase> <!-- @BeforeMethod setup -->
  <testcase classname="com.EcommerceProject.TestCases.IndexPageTest" name="@AfterMethod tearDown" time="-1.698058679849E9">
    <skipped/>
  </testcase> <!-- @AfterMethod tearDown -->
  <testcase classname="com.EcommerceProject.TestCases.IndexPageTest" name="login" time="0.0">
    <skipped/>
  </testcase> <!-- login -->
  <testcase classname="com.EcommerceProject.TestCases.IndexPageTest" name="login" time="0.0">
    <skipped/>
  </testcase> <!-- login -->
  <testcase classname="com.EcommerceProject.TestCases.IndexPageTest" name="verifyLogo" time="0.0">
    <skipped/>
  </testcase> <!-- verifyLogo -->
  <testcase classname="com.EcommerceProject.TestCases.PIMtest" name="addEmployee" time="0.0">
    <ignored/>
  </testcase> <!-- addEmployee -->
  <testcase classname="com.EcommerceProject.TestCases.DashBoardTest" name="verifyTitle" time="0.0">
    <ignored/>
  </testcase> <!-- verifyTitle -->
</testsuite> <!-- Test -->
